[     487ms] [INFO] %cDownload the React DevTools for a better development experience: https://react.dev/link/react-devtools font-weight:bold @ http://localhost:3000/_next/static/chunks/09_q_next_dist_0x.0718._.js:2431
[     613ms] [LOG] [HMR] connected @ http://localhost:3000/_next/static/chunks/09_q_next_dist_0x.0718._.js:2431
[    1055ms] [ERROR] A tree hydrated but some attributes of the server rendered HTML didn't match the client properties. This won't be patched up. This can happen if a SSR-ed Client Component used:

- A server/client branch `if (typeof window !== 'undefined')`.
- Variable input such as `Date.now()` or `Math.random()` which changes each time it's called.
- Date formatting in a user's locale which doesn't match the server.
- External changing data without sending a snapshot of it along with the HTML.
- Invalid HTML tag nesting.

It can also happen if the client has a browser extension installed which messes with the HTML before React loaded.

%s%s https://react.dev/link/hydration-mismatch 

  ...
    <RedirectBoundary>
      <RedirectErrorBoundary router={{...}}>
        <InnerLayoutRouter url="/" tree={[...]} params={{}} cacheNode={{rsc:{...}, ...}} segmentPath={[...]} ...>
          <SegmentViewNode type="page" pagePath="page.tsx">
            <SegmentTrieNode>
            <ClientPageRoot Component={function Home} serverProvidedParams={{...}}>
              <Home params={Promise} searchParams={Promise}>
                <main className="relative m...">
                  <ScrollProgress>
                  <CursorGlow>
                  <Nav>
                  <Hero>
                  <Marquee>
                  <VideoSection>
                  <ThreePillars>
                  <Founder>
                  <SystemsDeepDive>
                  <CaseStudy>
                  <WhatWeOffer>
                  <Manifesto>
                  <FinalCTA>
                    <section ref={{current:null}} id="contact" className="relative p...">
                      <AnimatedOrbs>
                      <FloatingParticles>
                        <div className="absolute i...">
                          <motion.div className="absolute r..." style={{left:"93.7...", ...}} ...>
                            <div
                              className="absolute rounded-full"
                              style={{
+                               left: "93.7559700240178%"
-                               left: "23.1666%"
+                               bottom: 0
-                               bottom: "0px"
+                               width: 2.2394443629100076
-                               width: "2.89551px"
+                               height: 2.2394443629100076
-                               height: "2.89551px"
+                               background: "rgba(0,87,255,0.6)"
-                               background-image: "initial"
-                               background-position-x: "initial"
-                               background-position-y: "initial"
-                               background-size: "initial"
-                               background-repeat: "initial"
-                               background-attachment: "initial"
-                               background-origin: "initial"
-                               background-clip: "initial"
-                               background-color: "rgba(0, 87, 255, 0.6)"
                              }}
                              ref={function useMotionRef.useCallback}
                            >
                          <motion.div className="absolute r..." style={{left:"23.2...", ...}} ...>
                            <div
                              className="absolute rounded-full"
                              style={{
+                               left: "23.209719684810526%"
-                               left: "67.731%"
+                               bottom: 0
-                               bottom: "0px"
+                               width: 0.8583957523657422
-                               width: "2.64305px"
+                               height: 0.8583957523657422
-                               height: "2.64305px"
+                               background: "rgba(255,110,199,0.5)"
-                               background-image: "initial"
-                               background-position-x: "initial"
-                               background-position-y: "initial"
-                               background-size: "initial"
-                               background-repeat: "initial"
-                               background-attachment: "initial"
-                               background-origin: "initial"
-                               background-clip: "initial"
-                               background-color: "rgba(255, 110, 199, 0.5)"
                              }}
                              ref={function useMotionRef.useCallback}
                            >
                          <motion.div className="absolute r..." style={{left:"87.4...", ...}} ...>
                            <div
                              className="absolute rounded-full"
                              style={{
+                               left: "87.43511098450139%"
-                               left: "31.9674%"
+                               bottom: 0
-                               bottom: "0px"
+                               width: 2.997599227735231
-                               width: "1.78144px"
+                               height: 2.997599227735231
-                               height: "1.78144px"
+                               background: "rgba(0,212,168,0.5)"
-                               background-image: "initial"
-                               background-position-x: "initial"
-                               background-position-y: "initial"
-                               background-size: "initial"
-                               background-repeat: "initial"
-                               background-attachment: "initial"
-                               background-origin: "initial"
-                               background-clip: "initial"
-                               background-color: "rgba(0, 212, 168, 0.5)"
                              }}
                              ref={function useMotionRef.useCallback}
                            >
                          <motion.div className="absolute r..." style={{left:"31.9...", ...}} ...>
                            <div
                              className="absolute rounded-full"
                              style={{
+                               left: "31.918363545704775%"
-                               left: "90.0766%"
+                               bottom: 0
-                               bottom: "0px"
+                               width: 0.8854059040834621
-                               width: "3.1557px"
+                               height: 0.8854059040834621
-                               height: "3.1557px"
+                               background: "rgba(0,87,255,0.6)"
-                               background-image: "initial"
-                               background-position-x: "initial"
-                               background-position-y: "initial"
-                               background-size: "initial"
-                               background-repeat: "initial"
-                               background-attachment: "initial"
-                               background-origin: "initial"
-                               background-clip: "initial"
-                               background-color: "rgba(0, 87, 255, 0.6)"
                              }}
                              ref={function useMotionRef.useCallback}
                            >
                          <motion.div className="absolute r..." style={{left:"68.2...", ...}} ...>
                            <div
                              className="absolute rounded-full"
                              style={{
+                               left: "68.2284828503108%"
-                               left: "13.4565%"
+                               bottom: 0
-                               bottom: "0px"
+                               width: 1.1334460969076712
-                               width: "2.21435px"
+                               height: 1.1334460969076712
-                               height: "2.21435px"
+                               background: "rgba(255,110,199,0.5)"
-                               background-image: "initial"
-                               background-position-x: "initial"
-                               background-position-y: "initial"
-                               background-size: "initial"
-                               background-repeat: "initial"
-                               background-attachment: "initial"
-                               background-origin: "initial"
-                               background-clip: "initial"
-                               background-color: "rgba(255, 110, 199, 0.5)"
                              }}
                              ref={function useMotionRef.useCallback}
                            >
                          <motion.div className="absolute r..." style={{left:"23.2...", ...}} ...>
                            <div
                              className="absolute rounded-full"
                              style={{
+                               left: "23.244164355662612%"
-                               left: "30.0798%"
+                               bottom: 0
-                               bottom: "0px"
+                               width: 3.2798181320869064
-                               width: "2.53638px"
+                               height: 3.2798181320869064
-                               height: "2.53638px"
+                               background: "rgba(0,212,168,0.5)"
-                               background-image: "initial"
-                               background-position-x: "initial"
-                               background-position-y: "initial"
-                               background-size: "initial"
-                               background-repeat: "initial"
-                               background-attachment: "initial"
-                               background-origin: "initial"
-                               background-clip: "initial"
-                               background-color: "rgba(0, 212, 168, 0.5)"
                              }}
                              ref={function useMotionRef.useCallback}
                            >
                          <motion.div className="absolute r..." style={{left:"31.6...", ...}} ...>
                            <div
                              className="absolute rounded-full"
                              style={{
+                               left: "31.666283501208316%"
-                               left: "69.3586%"
+                               bottom: 0
-                               bottom: "0px"
+                               width: 1.2767097041980935
-                               width: "1.80661px"
+                               height: 1.2767097041980935
-                               height: "1.80661px"
+                               background: "rgba(0,87,255,0.6)"
-                               background-image: "initial"
-                               background-position-x: "initial"
-                               background-position-y: "initial"
-                               background-size: "initial"
-                               background-repeat: "initial"
-                               background-attachment: "initial"
-                               background-origin: "initial"
-                               background-clip: "initial"
-                               background-color: "rgba(0, 87, 255, 0.6)"
                              }}
                              ref={function useMotionRef.useCallback}
                            >
                          <motion.div className="absolute r..." style={{left:"49.8...", ...}} ...>
                            <div
                              className="absolute rounded-full"
                              style={{
+                               left: "49.86154133129832%"
-                               left: "86.4%"
+                               bottom: 0
-                               bottom: "0px"
+                               width: 1.807381230238047
-                               width: "3.12987px"
+                               height: 1.807381230238047
-                               height: "3.12987px"
+                               background: "rgba(255,110,199,0.5)"
-                               background-image: "initial"
-                               background-position-x: "initial"
-                               background-position-y: "initial"
-                               background-size: "initial"
-                               background-repeat: "initial"
-                               background-attachment: "initial"
-                               background-origin: "initial"
-                               background-clip: "initial"
-                               background-color: "rgba(255, 110, 199, 0.5)"
                              }}
                              ref={function useMotionRef.useCallback}
                            >
                          <motion.div className="absolute r..." style={{left:"48.5...", ...}} ...>
                            <div
                              className="absolute rounded-full"
                              style={{
+                               left: "48.57670476941297%"
-                               left: "85.8365%"
+                               bottom: 0
-                               bottom: "0px"
+                               width: 2.2714499950059075
-                               width: "0.910137px"
+                               height: 2.2714499950059075
-                               height: "0.910137px"
+                               background: "rgba(0,212,168,0.5)"
-                               background-image: "initial"
-                               background-position-x: "initial"
-                               background-position-y: "initial"
-                               background-size: "initial"
-                               background-repeat: "initial"
-                               background-attachment: "initial"
-                               background-origin: "initial"
-                               background-clip: "initial"
-                               background-color: "rgba(0, 212, 168, 0.5)"
                              }}
                              ref={function useMotionRef.useCallback}
                            >
                          <motion.div className="absolute r..." style={{left:"71.8...", ...}} ...>
                            <div
                              className="absolute rounded-full"
                              style={{
+                               left: "71.82539359794725%"
-                               left: "71.9763%"
+                               bottom: 0
-                               bottom: "0px"
+                               width: 1.2482462387897435
-                               width: "2.72403px"
+                               height: 1.2482462387897435
-                               height: "2.72403px"
+                               background: "rgba(0,87,255,0.6)"
-                               background-image: "initial"
-                               background-position-x: "initial"
-                               background-position-y: "initial"
-                               background-size: "initial"
-                               background-repeat: "initial"
-                               background-attachment: "initial"
-                               background-origin: "initial"
-                               background-clip: "initial"
-                               background-color: "rgba(0, 87, 255, 0.6)"
                              }}
                              ref={function useMotionRef.useCallback}
                            >
                          <motion.div className="absolute r..." style={{left:"43.4...", ...}} ...>
                            <div
                              className="absolute rounded-full"
                              style={{
+                               left: "43.4276846862791%"
-                               left: "95.256%"
+                               bottom: 0
-                               bottom: "0px"
+                               width: 1.2393242886003208
-                               width: "1.5725px"
+                               height: 1.2393242886003208
-                               height: "1.5725px"
+                               background: "rgba(255,110,199,0.5)"
-                               background-image: "initial"
-                               background-position-x: "initial"
-                               background-position-y: "initial"
-                               background-size: "initial"
-                               background-repeat: "initial"
-                               background-attachment: "initial"
-                               background-origin: "initial"
-                               background-clip: "initial"
-                               background-color: "rgba(255, 110, 199, 0.5)"
                              }}
                              ref={function useMotionRef.useCallback}
                            >
                          <motion.div className="absolute r..." style={{left:"4.69...", ...}} ...>
                            <div
                              className="absolute rounded-full"
                              style={{
+                               left: "4.699133291267977%"
-                               left: "93.3913%"
+                               bottom: 0
-                               bottom: "0px"
+                               width: 2.4638817151983075
-                               width: "3.23197px"
+                               height: 2.4638817151983075
-                               height: "3.23197px"
+                               background: "rgba(0,212,168,0.5)"
-                               background-image: "initial"
-                               background-position-x: "initial"
-                               background-position-y: "initial"
-                               background-size: "initial"
-                               background-repeat: "initial"
-                               background-attachment: "initial"
-                               background-origin: "initial"
-                               background-clip: "initial"
-                               background-color: "rgba(0, 212, 168, 0.5)"
                              }}
                              ref={function useMotionRef.useCallback}
                            >
                          <motion.div className="absolute r..." style={{left:"65.9...", ...}} ...>
                            <div
                              className="absolute rounded-full"
                              style={{
+                               left: "65.95054582301194%"
-                               left: "68.5009%"
+                               bottom: 0
-                               bottom: "0px"
+                               width: 1.7886410995880235
-                               width: "1.91854px"
+                               height: 1.7886410995880235
-                               height: "1.91854px"
+                               background: "rgba(0,87,255,0.6)"
-                               background-image: "initial"
-                               background-position-x: "initial"
-                               background-position-y: "initial"
-                               background-size: "initial"
-                               background-repeat: "initial"
-                               background-attachment: "initial"
-                               background-origin: "initial"
-                               background-clip: "initial"
-                               background-color: "rgba(0, 87, 255, 0.6)"
                              }}
                              ref={function useMotionRef.useCallback}
                            >
                          <motion.div className="absolute r..." style={{left:"66.5...", ...}} ...>
                            <div
                              className="absolute rounded-full"
                              style={{
+                               left: "66.55607387669332%"
-                               left: "2.18195%"
+                               bottom: 0
-                               bottom: "0px"
+                               width: 2.087140296704612
-                               width: "1.98661px"
+                               height: 2.087140296704612
-                               height: "1.98661px"
+                               background: "rgba(255,110,199,0.5)"
-                               background-image: "initial"
-                               background-position-x: "initial"
-                               background-position-y: "initial"
-                               background-size: "initial"
-                               background-repeat: "initial"
-                               background-attachment: "initial"
-                               background-origin: "initial"
-                               background-clip: "initial"
-                               background-color: "rgba(255, 110, 199, 0.5)"
                              }}
                              ref={function useMotionRef.useCallback}
                            >
                          <motion.div className="absolute r..." style={{left:"27.2...", ...}} ...>
                            <div
                              className="absolute rounded-full"
                              style={{
+                               left: "27.295479777010545%"
-                               left: "61.0574%"
+                               bottom: 0
-                               bottom: "0px"
+                               width: 1.2369331759165574
-                               width: "3.00716px"
+                               height: 1.2369331759165574
-                               height: "3.00716px"
+                               background: "rgba(0,212,168,0.5)"
-                               background-image: "initial"
-                               background-position-x: "initial"
-                               background-position-y: "initial"
-                               background-size: "initial"
-                               background-repeat: "initial"
-                               background-attachment: "initial"
-                               background-origin: "initial"
-                               background-clip: "initial"
-                               background-color: "rgba(0, 212, 168, 0.5)"
                              }}
                              ref={function useMotionRef.useCallback}
                            >
                          <motion.div className="absolute r..." style={{left:"96.6...", ...}} ...>
                            <div
                              className="absolute rounded-full"
                              style={{
+                               left: "96.66940617470003%"
-                               left: "35.9714%"
+                               bottom: 0
-                               bottom: "0px"
+                               width: 0.9620447404531911
-                               width: "2.05804px"
+                               height: 0.9620447404531911
-                               height: "2.05804px"
+                               background: "rgba(0,87,255,0.6)"
-                               background-image: "initial"
-                               background-position-x: "initial"
-                               background-position-y: "initial"
-                               background-size: "initial"
-                               background-repeat: "initial"
-                               background-attachment: "initial"
-                               background-origin: "initial"
-                               background-clip: "initial"
-                               background-color: "rgba(0, 87, 255, 0.6)"
                              }}
                              ref={function useMotionRef.useCallback}
                            >
                          <motion.div className="absolute r..." style={{left:"73.6...", ...}} ...>
                            <div
                              className="absolute rounded-full"
                              style={{
+                               left: "73.65362330707657%"
-                               left: "98.2885%"
+                               bottom: 0
-                               bottom: "0px"
+                               width: 3.2590910140124763
-                               width: "3.01691px"
+                               height: 3.2590910140124763
-                               height: "3.01691px"
+                               background: "rgba(255,110,199,0.5)"
-                               background-image: "initial"
-                               background-position-x: "initial"
-                               background-position-y: "initial"
-                               background-size: "initial"
-                               background-repeat: "initial"
-                               background-attachment: "initial"
-                               background-origin: "initial"
-                               background-clip: "initial"
-                               background-color: "rgba(255, 110, 199, 0.5)"
                              }}
                              ref={function useMotionRef.useCallback}
                            >
                          <motion.div className="absolute r..." style={{left:"14.5...", ...}} ...>
                            <div
                              className="absolute rounded-full"
                              style={{
+                               left: "14.583835139321522%"
-                               left: "83.6545%"
+                               bottom: 0
-                               bottom: "0px"
+                               width: 2.7938701986434125
-                               width: "2.7754px"
+                               height: 2.7938701986434125
-                               height: "2.7754px"
+                               background: "rgba(0,212,168,0.5)"
-                               background-image: "initial"
-                               background-position-x: "initial"
-                               background-position-y: "initial"
-                               background-size: "initial"
-                               background-repeat: "initial"
-                               background-attachment: "initial"
-                               background-origin: "initial"
-                               background-clip: "initial"
-                               background-color: "rgba(0, 212, 168, 0.5)"
                              }}
                              ref={function useMotionRef.useCallback}
                            >
                          <motion.div className="absolute r..." style={{left:"41.7...", ...}} ...>
                            <div
                              className="absolute rounded-full"
                              style={{
+                               left: "41.76165298858934%"
-                               left: "64.1%"
+                               bottom: 0
-                               bottom: "0px"
+                               width: 2.6316856758147695
-                               width: "2.77199px"
+                               height: 2.6316856758147695
-                               height: "2.77199px"
+                               background: "rgba(0,87,255,0.6)"
-                               background-image: "initial"
-                               background-position-x: "initial"
-                               background-position-y: "initial"
-                               background-size: "initial"
-                               background-repeat: "initial"
-                               background-attachment: "initial"
-                               background-origin: "initial"
-                               background-clip: "initial"
-                               background-color: "rgba(0, 87, 255, 0.6)"
                              }}
                              ref={function useMotionRef.useCallback}
                            >
                          <motion.div className="absolute r..." style={{left:"42.7...", ...}} ...>
                            <div
                              className="absolute rounded-full"
                              style={{
+                               left: "42.716176779527274%"
-                               left: "77.654%"
+                               bottom: 0
-                               bottom: "0px"
+                               width: 2.508146611526099
-                               width: "1.14574px"
+                               height: 2.508146611526099
-                               height: "1.14574px"
+                               background: "rgba(255,110,199,0.5)"
-                               background-image: "initial"
-                               background-position-x: "initial"
-                               background-position-y: "initial"
-                               background-size: "initial"
-                               background-repeat: "initial"
-                               background-attachment: "initial"
-                               background-origin: "initial"
-                               background-clip: "initial"
-                               background-color: "rgba(255, 110, 199, 0.5)"
                              }}
                              ref={function useMotionRef.useCallback}
                            >
                          <motion.div className="absolute r..." style={{left:"83.4...", ...}} ...>
                            <div
                              className="absolute rounded-full"
                              style={{
+                               left: "83.4019141598539%"
-                               left: "58.9029%"
+                               bottom: 0
-                               bottom: "0px"
+                               width: 1.9463511266792528
-                               width: "2.54261px"
+                               height: 1.9463511266792528
-                               height: "2.54261px"
+                               background: "rgba(0,212,168,0.5)"
-                               background-image: "initial"
-                               background-position-x: "initial"
-                               background-position-y: "initial"
-                               background-size: "initial"
-                               background-repeat: "initial"
-                               background-attachment: "initial"
-                               background-origin: "initial"
-                               background-clip: "initial"
-                               background-color: "rgba(0, 212, 168, 0.5)"
                              }}
                              ref={function useMotionRef.useCallback}
                            >
                          <motion.div className="absolute r..." style={{left:"2.94...", ...}} ...>
                            <div
                              className="absolute rounded-full"
                              style={{
+                               left: "2.9490451334737933%"
-                               left: "24.1928%"
+                               bottom: 0
-                               bottom: "0px"
+                               width: 2.279207162570933
-                               width: "3.25478px"
+                               height: 2.279207162570933
-                               height: "3.25478px"
+                               background: "rgba(0,87,255,0.6)"
-                               background-image: "initial"
-                               background-position-x: "initial"
-                               background-position-y: "initial"
-                               background-size: "initial"
-                               background-repeat: "initial"
-                               background-attachment: "initial"
-                               background-origin: "initial"
-                               background-clip: "initial"
-                               background-color: "rgba(0, 87, 255, 0.6)"
                              }}
                              ref={function useMotionRef.useCallback}
                            >
                          <motion.div className="absolute r..." style={{left:"97.3...", ...}} ...>
                            <div
                              className="absolute rounded-full"
                              style={{
+                               left: "97.35820436486287%"
-                               left: "26.2824%"
+                               bottom: 0
-                               bottom: "0px"
+                               width: 1.5528579163788907
-                               width: "2.36832px"
+                               height: 1.5528579163788907
-                               height: "2.36832px"
+                               background: "rgba(255,110,199,0.5)"
-                               background-image: "initial"
-                               background-position-x: "initial"
-                               background-position-y: "initial"
-                               background-size: "initial"
-                               background-repeat: "initial"
-                               background-attachment: "initial"
-                               background-origin: "initial"
-                               background-clip: "initial"
-                               background-color: "rgba(255, 110, 199, 0.5)"
                              }}
                              ref={function useMotionRef.useCallback}
                            >
                          <motion.div className="absolute r..." style={{left:"49.3...", ...}} ...>
                            <div
                              className="absolute rounded-full"
                              style={{
+                               left: "49.32538617761886%"
-                               left: "28.3598%"
+                               bottom: 0
-                               bottom: "0px"
+                               width: 1.7541215487715482
-                               width: "1.18021px"
+                               height: 1.7541215487715482
-                               height: "1.18021px"
+                               background: "rgba(0,212,168,0.5)"
-                               background-image: "initial"
-                               background-position-x: "initial"
-                               background-position-y: "initial"
-                               background-size: "initial"
-                               background-repeat: "initial"
-                               background-attachment: "initial"
-                               background-origin: "initial"
-                               background-clip: "initial"
-                               background-color: "rgba(0, 212, 168, 0.5)"
                              }}
                              ref={function useMotionRef.useCallback}
                            >
                      ...
                  ...
          ...
        ...
 @ http://localhost:3000/_next/static/chunks/09_q_next_dist_0x.0718._.js:3272
[    1079ms] [WARNING] Please ensure that the container has a non-static position, like 'relative', 'fixed', or 'absolute' to ensure scroll offset is calculated correctly. @ http://localhost:3000/_next/static/chunks/09_q_next_dist_0x.0718._.js:2431
