[     965ms] [INFO] %cDownload the React DevTools for a better development experience: https://react.dev/link/react-devtools font-weight:bold @ http://localhost:3000/_next/static/chunks/09_q_next_dist_0x.0718._.js:2431
[    1164ms] [LOG] [HMR] connected @ http://localhost:3000/_next/static/chunks/09_q_next_dist_0x.0718._.js:2431
[    1380ms] [LOG] [Fast Refresh] rebuilding @ http://localhost:3000/_next/static/chunks/09_q_next_dist_0x.0718._.js:2431
[    1486ms] [LOG] [Fast Refresh] done in 222ms @ http://localhost:3000/_next/static/chunks/09_q_next_dist_0x.0718._.js:2431
[    1814ms] [LOG] [Fast Refresh] rebuilding @ http://localhost:3000/_next/static/chunks/09_q_next_dist_0x.0718._.js:2431
[    1838ms] [ERROR] A tree hydrated but some attributes of the server rendered HTML didn't match the client properties. This won't be patched up. This can happen if a SSR-ed Client Component used:

- A server/client branch `if (typeof window !== 'undefined')`.
- Variable input such as `Date.now()` or `Math.random()` which changes each time it's called.
- Date formatting in a user's locale which doesn't match the server.
- External changing data without sending a snapshot of it along with the HTML.
- Invalid HTML tag nesting.

It can also happen if the client has a browser extension installed which messes with the HTML before React loaded.

%s%s https://react.dev/link/hydration-mismatch 

  ...
    <RedirectBoundary>
      <RedirectErrorBoundary router={{...}}>
        <InnerLayoutRouter url="/" tree={[...]} params={{}} cacheNode={{rsc:{...}, ...}} segmentPath={[...]} ...>
          <SegmentViewNode type="page" pagePath="page.tsx">
            <SegmentTrieNode>
            <ClientPageRoot Component={function Home} serverProvidedParams={{...}}>
              <Home params={Promise} searchParams={Promise}>
                <main className="relative m...">
                  <ScrollProgress>
                  <CursorGlow>
                  <Nav>
                  <Hero>
                  <Marquee>
                  <VideoSection>
                  <ThreePillars>
                  <Founder>
                  <SystemsDeepDive>
                  <CaseStudy>
                  <WhatWeOffer>
                  <Manifesto>
                  <FinalCTA>
                    <section ref={{current:null}} id="contact" className="relative p...">
                      <AnimatedOrbs>
                      <FloatingParticles>
                        <div className="absolute i...">
                          <motion.div className="absolute r..." style={{left:"51.2...", ...}} ...>
                            <div
                              className="absolute rounded-full"
                              style={{
+                               left: "51.29420848598011%"
-                               left: "51.1629%"
+                               bottom: 0
-                               bottom: "0px"
+                               width: 0.9607243844234072
-                               width: "1.55987px"
+                               height: 0.9607243844234072
-                               height: "1.55987px"
+                               background: "rgba(0,87,255,0.6)"
-                               background-image: "initial"
-                               background-position-x: "initial"
-                               background-position-y: "initial"
-                               background-size: "initial"
-                               background-repeat: "initial"
-                               background-attachment: "initial"
-                               background-origin: "initial"
-                               background-clip: "initial"
-                               background-color: "rgba(0, 87, 255, 0.6)"
                              }}
                              ref={function useMotionRef.useCallback}
                            >
                          <motion.div className="absolute r..." style={{left:"24.4...", ...}} ...>
                            <div
                              className="absolute rounded-full"
                              style={{
+                               left: "24.470875523196167%"
-                               left: "56.1656%"
+                               bottom: 0
-                               bottom: "0px"
+                               width: 1.4427938888260508
-                               width: "2.16326px"
+                               height: 1.4427938888260508
-                               height: "2.16326px"
+                               background: "rgba(255,110,199,0.5)"
-                               background-image: "initial"
-                               background-position-x: "initial"
-                               background-position-y: "initial"
-                               background-size: "initial"
-                               background-repeat: "initial"
-                               background-attachment: "initial"
-                               background-origin: "initial"
-                               background-clip: "initial"
-                               background-color: "rgba(255, 110, 199, 0.5)"
                              }}
                              ref={function useMotionRef.useCallback}
                            >
                          <motion.div className="absolute r..." style={{left:"61.8...", ...}} ...>
                            <div
                              className="absolute rounded-full"
                              style={{
+                               left: "61.83311603827361%"
-                               left: "62.5689%"
+                               bottom: 0
-                               bottom: "0px"
+                               width: 1.9946338454011812
-                               width: "2.91701px"
+                               height: 1.9946338454011812
-                               height: "2.91701px"
+                               background: "rgba(0,212,168,0.5)"
-                               background-image: "initial"
-                               background-position-x: "initial"
-                               background-position-y: "initial"
-                               background-size: "initial"
-                               background-repeat: "initial"
-                               background-attachment: "initial"
-                               background-origin: "initial"
-                               background-clip: "initial"
-                               background-color: "rgba(0, 212, 168, 0.5)"
                              }}
                              ref={function useMotionRef.useCallback}
                            >
                          <motion.div className="absolute r..." style={{left:"26.2...", ...}} ...>
                            <div
                              className="absolute rounded-full"
                              style={{
+                               left: "26.221596710621455%"
-                               left: "85.2129%"
+                               bottom: 0
-                               bottom: "0px"
+                               width: 3.288089386561772
-                               width: "1.81696px"
+                               height: 3.288089386561772
-                               height: "1.81696px"
+                               background: "rgba(0,87,255,0.6)"
-                               background-image: "initial"
-                               background-position-x: "initial"
-                               background-position-y: "initial"
-                               background-size: "initial"
-                               background-repeat: "initial"
-                               background-attachment: "initial"
-                               background-origin: "initial"
-                               background-clip: "initial"
-                               background-color: "rgba(0, 87, 255, 0.6)"
                              }}
                              ref={function useMotionRef.useCallback}
                            >
                          <motion.div className="absolute r..." style={{left:"60.6...", ...}} ...>
                            <div
                              className="absolute rounded-full"
                              style={{
+                               left: "60.67346446244066%"
-                               left: "89.1148%"
+                               bottom: 0
-                               bottom: "0px"
+                               width: 2.4215633806503956
-                               width: "1.85233px"
+                               height: 2.4215633806503956
-                               height: "1.85233px"
+                               background: "rgba(255,110,199,0.5)"
-                               background-image: "initial"
-                               background-position-x: "initial"
-                               background-position-y: "initial"
-                               background-size: "initial"
-                               background-repeat: "initial"
-                               background-attachment: "initial"
-                               background-origin: "initial"
-                               background-clip: "initial"
-                               background-color: "rgba(255, 110, 199, 0.5)"
                              }}
                              ref={function useMotionRef.useCallback}
                            >
                          <motion.div className="absolute r..." style={{left:"65.5...", ...}} ...>
                            <div
                              className="absolute rounded-full"
                              style={{
+                               left: "65.54449777654085%"
-                               left: "45.0094%"
+                               bottom: 0
-                               bottom: "0px"
+                               width: 1.2150409946300014
-                               width: "1.41095px"
+                               height: 1.2150409946300014
-                               height: "1.41095px"
+                               background: "rgba(0,212,168,0.5)"
-                               background-image: "initial"
-                               background-position-x: "initial"
-                               background-position-y: "initial"
-                               background-size: "initial"
-                               background-repeat: "initial"
-                               background-attachment: "initial"
-                               background-origin: "initial"
-                               background-clip: "initial"
-                               background-color: "rgba(0, 212, 168, 0.5)"
                              }}
                              ref={function useMotionRef.useCallback}
                            >
                          <motion.div className="absolute r..." style={{left:"95.9...", ...}} ...>
                            <div
                              className="absolute rounded-full"
                              style={{
+                               left: "95.98538926032121%"
-                               left: "25.0502%"
+                               bottom: 0
-                               bottom: "0px"
+                               width: 1.538462336809829
-                               width: "3.0172px"
+                               height: 1.538462336809829
-                               height: "3.0172px"
+                               background: "rgba(0,87,255,0.6)"
-                               background-image: "initial"
-                               background-position-x: "initial"
-                               background-position-y: "initial"
-                               background-size: "initial"
-                               background-repeat: "initial"
-                               background-attachment: "initial"
-                               background-origin: "initial"
-                               background-clip: "initial"
-                               background-color: "rgba(0, 87, 255, 0.6)"
                              }}
                              ref={function useMotionRef.useCallback}
                            >
                          <motion.div className="absolute r..." style={{left:"3.13...", ...}} ...>
                            <div
                              className="absolute rounded-full"
                              style={{
+                               left: "3.1341150592606004%"
-                               left: "74.9499%"
+                               bottom: 0
-                               bottom: "0px"
+                               width: 1.131386633081774
-                               width: "3.29749px"
+                               height: 1.131386633081774
-                               height: "3.29749px"
+                               background: "rgba(255,110,199,0.5)"
-                               background-image: "initial"
-                               background-position-x: "initial"
-                               background-position-y: "initial"
-                               background-size: "initial"
-                               background-repeat: "initial"
-                               background-attachment: "initial"
-                               background-origin: "initial"
-                               background-clip: "initial"
-                               background-color: "rgba(255, 110, 199, 0.5)"
                              }}
                              ref={function useMotionRef.useCallback}
                            >
                          <motion.div className="absolute r..." style={{left:"62.2...", ...}} ...>
                            <div
                              className="absolute rounded-full"
                              style={{
+                               left: "62.28804078519683%"
-                               left: "26.3388%"
+                               bottom: 0
-                               bottom: "0px"
+                               width: 1.1221419010123808
-                               width: "0.91005px"
+                               height: 1.1221419010123808
-                               height: "0.91005px"
+                               background: "rgba(0,212,168,0.5)"
-                               background-image: "initial"
-                               background-position-x: "initial"
-                               background-position-y: "initial"
-                               background-size: "initial"
-                               background-repeat: "initial"
-                               background-attachment: "initial"
-                               background-origin: "initial"
-                               background-clip: "initial"
-                               background-color: "rgba(0, 212, 168, 0.5)"
                              }}
                              ref={function useMotionRef.useCallback}
                            >
                          <motion.div className="absolute r..." style={{left:"46.1...", ...}} ...>
                            <div
                              className="absolute rounded-full"
                              style={{
+                               left: "46.12465675645815%"
-                               left: "45.7673%"
+                               bottom: 0
-                               bottom: "0px"
+                               width: 2.3142819108720483
-                               width: "1.97292px"
+                               height: 2.3142819108720483
-                               height: "1.97292px"
+                               background: "rgba(0,87,255,0.6)"
-                               background-image: "initial"
-                               background-position-x: "initial"
-                               background-position-y: "initial"
-                               background-size: "initial"
-                               background-repeat: "initial"
-                               background-attachment: "initial"
-                               background-origin: "initial"
-                               background-clip: "initial"
-                               background-color: "rgba(0, 87, 255, 0.6)"
                              }}
                              ref={function useMotionRef.useCallback}
                            >
                          <motion.div className="absolute r..." style={{left:"99.8...", ...}} ...>
                            <div
                              className="absolute rounded-full"
                              style={{
+                               left: "99.82765974261628%"
-                               left: "28.9242%"
+                               bottom: 0
-                               bottom: "0px"
+                               width: 3.0389164655315026
-                               width: "2.51499px"
+                               height: 3.0389164655315026
-                               height: "2.51499px"
+                               background: "rgba(255,110,199,0.5)"
-                               background-image: "initial"
-                               background-position-x: "initial"
-                               background-position-y: "initial"
-                               background-size: "initial"
-                               background-repeat: "initial"
-                               background-attachment: "initial"
-                               background-origin: "initial"
-                               background-clip: "initial"
-                               background-color: "rgba(255, 110, 199, 0.5)"
                              }}
                              ref={function useMotionRef.useCallback}
                            >
                          <motion.div className="absolute r..." style={{left:"33.1...", ...}} ...>
                            <div
                              className="absolute rounded-full"
                              style={{
+                               left: "33.1971409333908%"
-                               left: "52.1043%"
+                               bottom: 0
-                               bottom: "0px"
+                               width: 0.9878958108965721
-                               width: "2.07626px"
+                               height: 0.9878958108965721
-                               height: "2.07626px"
+                               background: "rgba(0,212,168,0.5)"
-                               background-image: "initial"
-                               background-position-x: "initial"
-                               background-position-y: "initial"
-                               background-size: "initial"
-                               background-repeat: "initial"
-                               background-attachment: "initial"
-                               background-origin: "initial"
-                               background-clip: "initial"
-                               background-color: "rgba(0, 212, 168, 0.5)"
                              }}
                              ref={function useMotionRef.useCallback}
                            >
                          <motion.div className="absolute r..." style={{left:"75.7...", ...}} ...>
                            <div
                              className="absolute rounded-full"
                              style={{
+                               left: "75.77703882757598%"
-                               left: "91.8184%"
+                               bottom: 0
-                               bottom: "0px"
+                               width: 2.4205306000982048
-                               width: "0.978663px"
+                               height: 2.4205306000982048
-                               height: "0.978663px"
+                               background: "rgba(0,87,255,0.6)"
-                               background-image: "initial"
-                               background-position-x: "initial"
-                               background-position-y: "initial"
-                               background-size: "initial"
-                               background-repeat: "initial"
-                               background-attachment: "initial"
-                               background-origin: "initial"
-                               background-clip: "initial"
-                               background-color: "rgba(0, 87, 255, 0.6)"
                              }}
                              ref={function useMotionRef.useCallback}
                            >
                          <motion.div className="absolute r..." style={{left:"64.0...", ...}} ...>
                            <div
                              className="absolute rounded-full"
                              style={{
+                               left: "64.07669955187619%"
-                               left: "85.2256%"
+                               bottom: 0
-                               bottom: "0px"
+                               width: 2.4629446490224653
-                               width: "2.56817px"
+                               height: 2.4629446490224653
-                               height: "2.56817px"
+                               background: "rgba(255,110,199,0.5)"
-                               background-image: "initial"
-                               background-position-x: "initial"
-                               background-position-y: "initial"
-                               background-size: "initial"
-                               background-repeat: "initial"
-                               background-attachment: "initial"
-                               background-origin: "initial"
-                               background-clip: "initial"
-                               background-color: "rgba(255, 110, 199, 0.5)"
                              }}
                              ref={function useMotionRef.useCallback}
                            >
                          <motion.div className="absolute r..." style={{left:"24.9...", ...}} ...>
                            <div
                              className="absolute rounded-full"
                              style={{
+                               left: "24.911780162228492%"
-                               left: "7.32369%"
+                               bottom: 0
-                               bottom: "0px"
+                               width: 2.403661766977709
-                               width: "1.5013px"
+                               height: 2.403661766977709
-                               height: "1.5013px"
+                               background: "rgba(0,212,168,0.5)"
-                               background-image: "initial"
-                               background-position-x: "initial"
-                               background-position-y: "initial"
-                               background-size: "initial"
-                               background-repeat: "initial"
-                               background-attachment: "initial"
-                               background-origin: "initial"
-                               background-clip: "initial"
-                               background-color: "rgba(0, 212, 168, 0.5)"
                              }}
                              ref={function useMotionRef.useCallback}
                            >
                          <motion.div className="absolute r..." style={{left:"58.4...", ...}} ...>
                            <div
                              className="absolute rounded-full"
                              style={{
+                               left: "58.4829012582471%"
-                               left: "66.0022%"
+                               bottom: 0
-                               bottom: "0px"
+                               width: 3.2586552577986883
-                               width: "1.57557px"
+                               height: 3.2586552577986883
-                               height: "1.57557px"
+                               background: "rgba(0,87,255,0.6)"
-                               background-image: "initial"
-                               background-position-x: "initial"
-                               background-position-y: "initial"
-                               background-size: "initial"
-                               background-repeat: "initial"
-                               background-attachment: "initial"
-                               background-origin: "initial"
-                               background-clip: "initial"
-                               background-color: "rgba(0, 87, 255, 0.6)"
                              }}
                              ref={function useMotionRef.useCallback}
                            >
                          <motion.div className="absolute r..." style={{left:"41.5...", ...}} ...>
                            <div
                              className="absolute rounded-full"
                              style={{
+                               left: "41.55354585024181%"
-                               left: "95.7219%"
+                               bottom: 0
-                               bottom: "0px"
+                               width: 3.150842822927972
-                               width: "2.59988px"
+                               height: 3.150842822927972
-                               height: "2.59988px"
+                               background: "rgba(255,110,199,0.5)"
-                               background-image: "initial"
-                               background-position-x: "initial"
-                               background-position-y: "initial"
-                               background-size: "initial"
-                               background-repeat: "initial"
-                               background-attachment: "initial"
-                               background-origin: "initial"
-                               background-clip: "initial"
-                               background-color: "rgba(255, 110, 199, 0.5)"
                              }}
                              ref={function useMotionRef.useCallback}
                            >
                          <motion.div className="absolute r..." style={{left:"46.9...", ...}} ...>
                            <div
                              className="absolute rounded-full"
                              style={{
+                               left: "46.96043456712636%"
-                               left: "55.3133%"
+                               bottom: 0
-                               bottom: "0px"
+                               width: 0.9964863158373467
-                               width: "2.88677px"
+                               height: 0.9964863158373467
-                               height: "2.88677px"
+                               background: "rgba(0,212,168,0.5)"
-                               background-image: "initial"
-                               background-position-x: "initial"
-                               background-position-y: "initial"
-                               background-size: "initial"
-                               background-repeat: "initial"
-                               background-attachment: "initial"
-                               background-origin: "initial"
-                               background-clip: "initial"
-                               background-color: "rgba(0, 212, 168, 0.5)"
                              }}
                              ref={function useMotionRef.useCallback}
                            >
                          <motion.div className="absolute r..." style={{left:"92.8...", ...}} ...>
                            <div
                              className="absolute rounded-full"
                              style={{
+                               left: "92.81234385112202%"
-                               left: "65.1087%"
+                               bottom: 0
-                               bottom: "0px"
+                               width: 3.0449722990433505
-                               width: "2.78281px"
+                               height: 3.0449722990433505
-                               height: "2.78281px"
+                               background: "rgba(0,87,255,0.6)"
-                               background-image: "initial"
-                               background-position-x: "initial"
-                               background-position-y: "initial"
-                               background-size: "initial"
-                               background-repeat: "initial"
-                               background-attachment: "initial"
-                               background-origin: "initial"
-                               background-clip: "initial"
-                               background-color: "rgba(0, 87, 255, 0.6)"
                              }}
                              ref={function useMotionRef.useCallback}
                            >
                          <motion.div className="absolute r..." style={{left:"96.8...", ...}} ...>
                            <div
                              className="absolute rounded-full"
                              style={{
+                               left: "96.86626840356031%"
-                               left: "89.4979%"
+                               bottom: 0
-                               bottom: "0px"
+                               width: 1.4049712489991657
-                               width: "1.45522px"
+                               height: 1.4049712489991657
-                               height: "1.45522px"
+                               background: "rgba(255,110,199,0.5)"
-                               background-image: "initial"
-                               background-position-x: "initial"
-                               background-position-y: "initial"
-                               background-size: "initial"
-                               background-repeat: "initial"
-                               background-attachment: "initial"
-                               background-origin: "initial"
-                               background-clip: "initial"
-                               background-color: "rgba(255, 110, 199, 0.5)"
                              }}
                              ref={function useMotionRef.useCallback}
                            >
                          <motion.div className="absolute r..." style={{left:"79.5...", ...}} ...>
                            <div
                              className="absolute rounded-full"
                              style={{
+                               left: "79.56463365343969%"
-                               left: "47.2448%"
+                               bottom: 0
-                               bottom: "0px"
+                               width: 1.7251437164889396
-                               width: "2.69527px"
+                               height: 1.7251437164889396
-                               height: "2.69527px"
+                               background: "rgba(0,212,168,0.5)"
-                               background-image: "initial"
-                               background-position-x: "initial"
-                               background-position-y: "initial"
-                               background-size: "initial"
-                               background-repeat: "initial"
-                               background-attachment: "initial"
-                               background-origin: "initial"
-                               background-clip: "initial"
-                               background-color: "rgba(0, 212, 168, 0.5)"
                              }}
                              ref={function useMotionRef.useCallback}
                            >
                          <motion.div className="absolute r..." style={{left:"98.3...", ...}} ...>
                            <div
                              className="absolute rounded-full"
                              style={{
+                               left: "98.37311385122871%"
-                               left: "48.643%"
+                               bottom: 0
-                               bottom: "0px"
+                               width: 2.319871446736741
-                               width: "2.98631px"
+                               height: 2.319871446736741
-                               height: "2.98631px"
+                               background: "rgba(0,87,255,0.6)"
-                               background-image: "initial"
-                               background-position-x: "initial"
-                               background-position-y: "initial"
-                               background-size: "initial"
-                               background-repeat: "initial"
-                               background-attachment: "initial"
-                               background-origin: "initial"
-                               background-clip: "initial"
-                               background-color: "rgba(0, 87, 255, 0.6)"
                              }}
                              ref={function useMotionRef.useCallback}
                            >
                          <motion.div className="absolute r..." style={{left:"75.4...", ...}} ...>
                            <div
                              className="absolute rounded-full"
                              style={{
+                               left: "75.48968866407316%"
-                               left: "11.4782%"
+                               bottom: 0
-                               bottom: "0px"
+                               width: 1.2692716558552073
-                               width: "0.806854px"
+                               height: 1.2692716558552073
-                               height: "0.806854px"
+                               background: "rgba(255,110,199,0.5)"
-                               background-image: "initial"
-                               background-position-x: "initial"
-                               background-position-y: "initial"
-                               background-size: "initial"
-                               background-repeat: "initial"
-                               background-attachment: "initial"
-                               background-origin: "initial"
-                               background-clip: "initial"
-                               background-color: "rgba(255, 110, 199, 0.5)"
                              }}
                              ref={function useMotionRef.useCallback}
                            >
                          <motion.div className="absolute r..." style={{left:"9.85...", ...}} ...>
                            <div
                              className="absolute rounded-full"
                              style={{
+                               left: "9.856605567889098%"
-                               left: "25.1685%"
+                               bottom: 0
-                               bottom: "0px"
+                               width: 1.7340646270169269
-                               width: "2.82975px"
+                               height: 1.7340646270169269
-                               height: "2.82975px"
+                               background: "rgba(0,212,168,0.5)"
-                               background-image: "initial"
-                               background-position-x: "initial"
-                               background-position-y: "initial"
-                               background-size: "initial"
-                               background-repeat: "initial"
-                               background-attachment: "initial"
-                               background-origin: "initial"
-                               background-clip: "initial"
-                               background-color: "rgba(0, 212, 168, 0.5)"
                              }}
                              ref={function useMotionRef.useCallback}
                            >
                      ...
                  ...
          ...
        ...
 @ http://localhost:3000/_next/static/chunks/09_q_next_dist_0x.0718._.js:3272
[    1881ms] [WARNING] Please ensure that the container has a non-static position, like 'relative', 'fixed', or 'absolute' to ensure scroll offset is calculated correctly. @ http://localhost:3000/_next/static/chunks/09_q_next_dist_0x.0718._.js:2431
[    1886ms] [LOG] [Fast Refresh] done in 181ms @ http://localhost:3000/_next/static/chunks/09_q_next_dist_0x.0718._.js:2431
[  156501ms] [LOG] [Fast Refresh] rebuilding @ http://localhost:3000/_next/static/chunks/09_q_next_dist_0x.0718._.js:2431
[  156518ms] [LOG] [Fast Refresh] done in 117ms @ http://localhost:3000/_next/static/chunks/09_q_next_dist_0x.0718._.js:2431
[  299969ms] [LOG] [Fast Refresh] rebuilding @ http://localhost:3000/_next/static/chunks/09_q_next_dist_0x.0718._.js:2431
[  303022ms] [LOG] [Fast Refresh] done in 2619ms @ http://localhost:3000/_next/static/chunks/09_q_next_dist_0x.0718._.js:2431
[  308775ms] [LOG] [Fast Refresh] rebuilding @ http://localhost:3000/_next/static/chunks/09_q_next_dist_0x.0718._.js:2431
[  309042ms] [LOG] [Fast Refresh] done in 377ms @ http://localhost:3000/_next/static/chunks/09_q_next_dist_0x.0718._.js:2431
[  318952ms] [LOG] [Fast Refresh] rebuilding @ http://localhost:3000/_next/static/chunks/09_q_next_dist_0x.0718._.js:2431
[  319445ms] [LOG] [Fast Refresh] done in 452ms @ http://localhost:3000/_next/static/chunks/09_q_next_dist_0x.0718._.js:2431
[  334462ms] [LOG] [Fast Refresh] rebuilding @ http://localhost:3000/_next/static/chunks/09_q_next_dist_0x.0718._.js:2431
[  334665ms] [LOG] [Fast Refresh] done in 309ms @ http://localhost:3000/_next/static/chunks/09_q_next_dist_0x.0718._.js:2431
[  336942ms] [LOG] [Fast Refresh] rebuilding @ http://localhost:3000/_next/static/chunks/09_q_next_dist_0x.0718._.js:2431
[  337232ms] [LOG] [Fast Refresh] done in 393ms @ http://localhost:3000/_next/static/chunks/09_q_next_dist_0x.0718._.js:2431
[  348645ms] [LOG] [Fast Refresh] rebuilding @ http://localhost:3000/_next/static/chunks/09_q_next_dist_0x.0718._.js:2431
[  348923ms] [LOG] [Fast Refresh] done in 163ms @ http://localhost:3000/_next/static/chunks/09_q_next_dist_0x.0718._.js:2431
[  351657ms] [LOG] [Fast Refresh] rebuilding @ http://localhost:3000/_next/static/chunks/09_q_next_dist_0x.0718._.js:2431
[  351746ms] [LOG] [Fast Refresh] done in 202ms @ http://localhost:3000/_next/static/chunks/09_q_next_dist_0x.0718._.js:2431
[  363044ms] [LOG] [Fast Refresh] rebuilding @ http://localhost:3000/_next/static/chunks/09_q_next_dist_0x.0718._.js:2431
[  363483ms] [LOG] [Fast Refresh] done in 333ms @ http://localhost:3000/_next/static/chunks/09_q_next_dist_0x.0718._.js:2431
[  415864ms] [LOG] [Fast Refresh] rebuilding @ http://localhost:3000/_next/static/chunks/09_q_next_dist_0x.0718._.js:2431
[  416495ms] [LOG] [Fast Refresh] done in 446ms @ http://localhost:3000/_next/static/chunks/09_q_next_dist_0x.0718._.js:2431
[  489911ms] [LOG] [Fast Refresh] rebuilding @ http://localhost:3000/_next/static/chunks/09_q_next_dist_0x.0718._.js:2431
[  490324ms] [LOG] [Fast Refresh] done in 334ms @ http://localhost:3000/_next/static/chunks/09_q_next_dist_0x.0718._.js:2431
[  504027ms] [LOG] [Fast Refresh] rebuilding @ http://localhost:3000/_next/static/chunks/09_q_next_dist_0x.0718._.js:2431
[  505398ms] [LOG] [Fast Refresh] done in 468ms @ http://localhost:3000/_next/static/chunks/09_q_next_dist_0x.0718._.js:2431
[  512949ms] [LOG] [Fast Refresh] rebuilding @ http://localhost:3000/_next/static/chunks/09_q_next_dist_0x.0718._.js:2431
[  513735ms] [LOG] [Fast Refresh] done in 633ms @ http://localhost:3000/_next/static/chunks/09_q_next_dist_0x.0718._.js:2431
[  519786ms] [LOG] [Fast Refresh] rebuilding @ http://localhost:3000/_next/static/chunks/09_q_next_dist_0x.0718._.js:2431
[  520488ms] [LOG] [Fast Refresh] done in 595ms @ http://localhost:3000/_next/static/chunks/09_q_next_dist_0x.0718._.js:2431
[  531012ms] [LOG] [Fast Refresh] rebuilding @ http://localhost:3000/_next/static/chunks/09_q_next_dist_0x.0718._.js:2431
[  531324ms] [LOG] [Fast Refresh] done in 452ms @ http://localhost:3000/_next/static/chunks/09_q_next_dist_0x.0718._.js:2431
