[     522ms] [INFO] %cDownload the React DevTools for a better development experience: https://react.dev/link/react-devtools font-weight:bold @ http://localhost:3000/_next/static/chunks/09_q_next_dist_0x.0718._.js:2431
[     609ms] [LOG] [HMR] connected @ http://localhost:3000/_next/static/chunks/09_q_next_dist_0x.0718._.js:2431
[    1085ms] [ERROR] A tree hydrated but some attributes of the server rendered HTML didn't match the client properties. This won't be patched up. This can happen if a SSR-ed Client Component used:

- A server/client branch `if (typeof window !== 'undefined')`.
- Variable input such as `Date.now()` or `Math.random()` which changes each time it's called.
- Date formatting in a user's locale which doesn't match the server.
- External changing data without sending a snapshot of it along with the HTML.
- Invalid HTML tag nesting.

It can also happen if the client has a browser extension installed which messes with the HTML before React loaded.

%s%s https://react.dev/link/hydration-mismatch 

  ...
    <RedirectBoundary>
      <RedirectErrorBoundary router={{...}}>
        <InnerLayoutRouter url="/" tree={[...]} params={{}} cacheNode={{rsc:{...}, ...}} segmentPath={[...]} ...>
          <SegmentViewNode type="page" pagePath="page.tsx">
            <SegmentTrieNode>
            <ClientPageRoot Component={function Home} serverProvidedParams={{...}}>
              <Home params={Promise} searchParams={Promise}>
                <main className="relative m...">
                  <ScrollProgress>
                  <CursorGlow>
                  <Nav>
                  <Hero>
                  <Marquee>
                  <VideoSection>
                  <ThreePillars>
                  <Founder>
                  <SystemsDeepDive>
                  <CaseStudy>
                  <WhatWeOffer>
                  <Manifesto>
                  <FinalCTA>
                    <section ref={{current:null}} id="contact" className="relative p...">
                      <AnimatedOrbs>
                      <FloatingParticles>
                        <div className="absolute i...">
                          <motion.div className="absolute r..." style={{left:"62.4...", ...}} ...>
                            <div
                              className="absolute rounded-full"
                              style={{
+                               left: "62.435231173910836%"
-                               left: "93.0763%"
+                               bottom: 0
-                               bottom: "0px"
+                               width: 1.915292288102034
-                               width: "2.48756px"
+                               height: 1.915292288102034
-                               height: "2.48756px"
+                               background: "rgba(0,87,255,0.6)"
-                               background-image: "initial"
-                               background-position-x: "initial"
-                               background-position-y: "initial"
-                               background-size: "initial"
-                               background-repeat: "initial"
-                               background-attachment: "initial"
-                               background-origin: "initial"
-                               background-clip: "initial"
-                               background-color: "rgba(0, 87, 255, 0.6)"
                              }}
                              ref={function useMotionRef.useCallback}
                            >
                          <motion.div className="absolute r..." style={{left:"9.35...", ...}} ...>
                            <div
                              className="absolute rounded-full"
                              style={{
+                               left: "9.357158316589153%"
-                               left: "18.846%"
+                               bottom: 0
-                               bottom: "0px"
+                               width: 1.8761671203633052
-                               width: "3.01935px"
+                               height: 1.8761671203633052
-                               height: "3.01935px"
+                               background: "rgba(255,110,199,0.5)"
-                               background-image: "initial"
-                               background-position-x: "initial"
-                               background-position-y: "initial"
-                               background-size: "initial"
-                               background-repeat: "initial"
-                               background-attachment: "initial"
-                               background-origin: "initial"
-                               background-clip: "initial"
-                               background-color: "rgba(255, 110, 199, 0.5)"
                              }}
                              ref={function useMotionRef.useCallback}
                            >
                          <motion.div className="absolute r..." style={{left:"54.7...", ...}} ...>
                            <div
                              className="absolute rounded-full"
                              style={{
+                               left: "54.77178040352185%"
-                               left: "81.6745%"
+                               bottom: 0
-                               bottom: "0px"
+                               width: 1.160410867544139
-                               width: "2.06681px"
+                               height: 1.160410867544139
-                               height: "2.06681px"
+                               background: "rgba(0,212,168,0.5)"
-                               background-image: "initial"
-                               background-position-x: "initial"
-                               background-position-y: "initial"
-                               background-size: "initial"
-                               background-repeat: "initial"
-                               background-attachment: "initial"
-                               background-origin: "initial"
-                               background-clip: "initial"
-                               background-color: "rgba(0, 212, 168, 0.5)"
                              }}
                              ref={function useMotionRef.useCallback}
                            >
                          <motion.div className="absolute r..." style={{left:"24.4...", ...}} ...>
                            <div
                              className="absolute rounded-full"
                              style={{
+                               left: "24.417660451034852%"
-                               left: "75.2566%"
+                               bottom: 0
-                               bottom: "0px"
+                               width: 3.131520904058358
-                               width: "2.50288px"
+                               height: 3.131520904058358
-                               height: "2.50288px"
+                               background: "rgba(0,87,255,0.6)"
-                               background-image: "initial"
-                               background-position-x: "initial"
-                               background-position-y: "initial"
-                               background-size: "initial"
-                               background-repeat: "initial"
-                               background-attachment: "initial"
-                               background-origin: "initial"
-                               background-clip: "initial"
-                               background-color: "rgba(0, 87, 255, 0.6)"
                              }}
                              ref={function useMotionRef.useCallback}
                            >
                          <motion.div className="absolute r..." style={{left:"28.1...", ...}} ...>
                            <div
                              className="absolute rounded-full"
                              style={{
+                               left: "28.102106137333227%"
-                               left: "82.4021%"
+                               bottom: 0
-                               bottom: "0px"
+                               width: 1.366895763931973
-                               width: "3.05144px"
+                               height: 1.366895763931973
-                               height: "3.05144px"
+                               background: "rgba(255,110,199,0.5)"
-                               background-image: "initial"
-                               background-position-x: "initial"
-                               background-position-y: "initial"
-                               background-size: "initial"
-                               background-repeat: "initial"
-                               background-attachment: "initial"
-                               background-origin: "initial"
-                               background-clip: "initial"
-                               background-color: "rgba(255, 110, 199, 0.5)"
                              }}
                              ref={function useMotionRef.useCallback}
                            >
                          <motion.div className="absolute r..." style={{left:"95.7...", ...}} ...>
                            <div
                              className="absolute rounded-full"
                              style={{
+                               left: "95.7833104791366%"
-                               left: "55.8055%"
+                               bottom: 0
-                               bottom: "0px"
+                               width: 1.928879254939428
-                               width: "2.65663px"
+                               height: 1.928879254939428
-                               height: "2.65663px"
+                               background: "rgba(0,212,168,0.5)"
-                               background-image: "initial"
-                               background-position-x: "initial"
-                               background-position-y: "initial"
-                               background-size: "initial"
-                               background-repeat: "initial"
-                               background-attachment: "initial"
-                               background-origin: "initial"
-                               background-clip: "initial"
-                               background-color: "rgba(0, 212, 168, 0.5)"
                              }}
                              ref={function useMotionRef.useCallback}
                            >
                          <motion.div className="absolute r..." style={{left:"57.4...", ...}} ...>
                            <div
                              className="absolute rounded-full"
                              style={{
+                               left: "57.47536243103101%"
-                               left: "28.3488%"
+                               bottom: 0
-                               bottom: "0px"
+                               width: 2.2725057031044384
-                               width: "1.40649px"
+                               height: 2.2725057031044384
-                               height: "1.40649px"
+                               background: "rgba(0,87,255,0.6)"
-                               background-image: "initial"
-                               background-position-x: "initial"
-                               background-position-y: "initial"
-                               background-size: "initial"
-                               background-repeat: "initial"
-                               background-attachment: "initial"
-                               background-origin: "initial"
-                               background-clip: "initial"
-                               background-color: "rgba(0, 87, 255, 0.6)"
                              }}
                              ref={function useMotionRef.useCallback}
                            >
                          <motion.div className="absolute r..." style={{left:"77.4...", ...}} ...>
                            <div
                              className="absolute rounded-full"
                              style={{
+                               left: "77.49317354160567%"
-                               left: "40.656%"
+                               bottom: 0
-                               bottom: "0px"
+                               width: 3.2550832071468063
-                               width: "1.33284px"
+                               height: 3.2550832071468063
-                               height: "1.33284px"
+                               background: "rgba(255,110,199,0.5)"
-                               background-image: "initial"
-                               background-position-x: "initial"
-                               background-position-y: "initial"
-                               background-size: "initial"
-                               background-repeat: "initial"
-                               background-attachment: "initial"
-                               background-origin: "initial"
-                               background-clip: "initial"
-                               background-color: "rgba(255, 110, 199, 0.5)"
                              }}
                              ref={function useMotionRef.useCallback}
                            >
                          <motion.div className="absolute r..." style={{left:"10.4...", ...}} ...>
                            <div
                              className="absolute rounded-full"
                              style={{
+                               left: "10.43385628813207%"
-                               left: "25.3264%"
+                               bottom: 0
-                               bottom: "0px"
+                               width: 2.2269278634392293
-                               width: "2.51003px"
+                               height: 2.2269278634392293
-                               height: "2.51003px"
+                               background: "rgba(0,212,168,0.5)"
-                               background-image: "initial"
-                               background-position-x: "initial"
-                               background-position-y: "initial"
-                               background-size: "initial"
-                               background-repeat: "initial"
-                               background-attachment: "initial"
-                               background-origin: "initial"
-                               background-clip: "initial"
-                               background-color: "rgba(0, 212, 168, 0.5)"
                              }}
                              ref={function useMotionRef.useCallback}
                            >
                          <motion.div className="absolute r..." style={{left:"20.8...", ...}} ...>
                            <div
                              className="absolute rounded-full"
                              style={{
+                               left: "20.87631717562638%"
-                               left: "54.5574%"
+                               bottom: 0
-                               bottom: "0px"
+                               width: 2.4418961793034946
-                               width: "2.9481px"
+                               height: 2.4418961793034946
-                               height: "2.9481px"
+                               background: "rgba(0,87,255,0.6)"
-                               background-image: "initial"
-                               background-position-x: "initial"
-                               background-position-y: "initial"
-                               background-size: "initial"
-                               background-repeat: "initial"
-                               background-attachment: "initial"
-                               background-origin: "initial"
-                               background-clip: "initial"
-                               background-color: "rgba(0, 87, 255, 0.6)"
                              }}
                              ref={function useMotionRef.useCallback}
                            >
                          <motion.div className="absolute r..." style={{left:"77.5...", ...}} ...>
                            <div
                              className="absolute rounded-full"
                              style={{
+                               left: "77.59526250565554%"
-                               left: "0.878532%"
+                               bottom: 0
-                               bottom: "0px"
+                               width: 0.8689799699226546
-                               width: "2.96248px"
+                               height: 0.8689799699226546
-                               height: "2.96248px"
+                               background: "rgba(255,110,199,0.5)"
-                               background-image: "initial"
-                               background-position-x: "initial"
-                               background-position-y: "initial"
-                               background-size: "initial"
-                               background-repeat: "initial"
-                               background-attachment: "initial"
-                               background-origin: "initial"
-                               background-clip: "initial"
-                               background-color: "rgba(255, 110, 199, 0.5)"
                              }}
                              ref={function useMotionRef.useCallback}
                            >
                          <motion.div className="absolute r..." style={{left:"39.9...", ...}} ...>
                            <div
                              className="absolute rounded-full"
                              style={{
+                               left: "39.91600260417637%"
-                               left: "64.4841%"
+                               bottom: 0
-                               bottom: "0px"
+                               width: 2.114709414560841
-                               width: "1.07343px"
+                               height: 2.114709414560841
-                               height: "1.07343px"
+                               background: "rgba(0,212,168,0.5)"
-                               background-image: "initial"
-                               background-position-x: "initial"
-                               background-position-y: "initial"
-                               background-size: "initial"
-                               background-repeat: "initial"
-                               background-attachment: "initial"
-                               background-origin: "initial"
-                               background-clip: "initial"
-                               background-color: "rgba(0, 212, 168, 0.5)"
                              }}
                              ref={function useMotionRef.useCallback}
                            >
                          <motion.div className="absolute r..." style={{left:"4.54...", ...}} ...>
                            <div
                              className="absolute rounded-full"
                              style={{
+                               left: "4.546324369238041%"
-                               left: "68.1283%"
+                               bottom: 0
-                               bottom: "0px"
+                               width: 2.0474001407301614
-                               width: "3.09791px"
+                               height: 2.0474001407301614
-                               height: "3.09791px"
+                               background: "rgba(0,87,255,0.6)"
-                               background-image: "initial"
-                               background-position-x: "initial"
-                               background-position-y: "initial"
-                               background-size: "initial"
-                               background-repeat: "initial"
-                               background-attachment: "initial"
-                               background-origin: "initial"
-                               background-clip: "initial"
-                               background-color: "rgba(0, 87, 255, 0.6)"
                              }}
                              ref={function useMotionRef.useCallback}
                            >
                          <motion.div className="absolute r..." style={{left:"50.2...", ...}} ...>
                            <div
                              className="absolute rounded-full"
                              style={{
+                               left: "50.29400871159876%"
-                               left: "80.8055%"
+                               bottom: 0
-                               bottom: "0px"
+                               width: 2.1518304408580153
-                               width: "1.32236px"
+                               height: 2.1518304408580153
-                               height: "1.32236px"
+                               background: "rgba(255,110,199,0.5)"
-                               background-image: "initial"
-                               background-position-x: "initial"
-                               background-position-y: "initial"
-                               background-size: "initial"
-                               background-repeat: "initial"
-                               background-attachment: "initial"
-                               background-origin: "initial"
-                               background-clip: "initial"
-                               background-color: "rgba(255, 110, 199, 0.5)"
                              }}
                              ref={function useMotionRef.useCallback}
                            >
                          <motion.div className="absolute r..." style={{left:"58.4...", ...}} ...>
                            <div
                              className="absolute rounded-full"
                              style={{
+                               left: "58.44001693835467%"
-                               left: "74.6658%"
+                               bottom: 0
-                               bottom: "0px"
+                               width: 1.6784284121437918
-                               width: "2.50501px"
+                               height: 1.6784284121437918
-                               height: "2.50501px"
+                               background: "rgba(0,212,168,0.5)"
-                               background-image: "initial"
-                               background-position-x: "initial"
-                               background-position-y: "initial"
-                               background-size: "initial"
-                               background-repeat: "initial"
-                               background-attachment: "initial"
-                               background-origin: "initial"
-                               background-clip: "initial"
-                               background-color: "rgba(0, 212, 168, 0.5)"
                              }}
                              ref={function useMotionRef.useCallback}
                            >
                          <motion.div className="absolute r..." style={{left:"40.4...", ...}} ...>
                            <div
                              className="absolute rounded-full"
                              style={{
+                               left: "40.424833307611586%"
-                               left: "79.0289%"
+                               bottom: 0
-                               bottom: "0px"
+                               width: 2.9433903378817385
-                               width: "2.64457px"
+                               height: 2.9433903378817385
-                               height: "2.64457px"
+                               background: "rgba(0,87,255,0.6)"
-                               background-image: "initial"
-                               background-position-x: "initial"
-                               background-position-y: "initial"
-                               background-size: "initial"
-                               background-repeat: "initial"
-                               background-attachment: "initial"
-                               background-origin: "initial"
-                               background-clip: "initial"
-                               background-color: "rgba(0, 87, 255, 0.6)"
                              }}
                              ref={function useMotionRef.useCallback}
                            >
                          <motion.div className="absolute r..." style={{left:"69.5...", ...}} ...>
                            <div
                              className="absolute rounded-full"
                              style={{
+                               left: "69.5840974391006%"
-                               left: "34.0356%"
+                               bottom: 0
-                               bottom: "0px"
+                               width: 2.0265249440752564
-                               width: "2.01426px"
+                               height: 2.0265249440752564
-                               height: "2.01426px"
+                               background: "rgba(255,110,199,0.5)"
-                               background-image: "initial"
-                               background-position-x: "initial"
-                               background-position-y: "initial"
-                               background-size: "initial"
-                               background-repeat: "initial"
-                               background-attachment: "initial"
-                               background-origin: "initial"
-                               background-clip: "initial"
-                               background-color: "rgba(255, 110, 199, 0.5)"
                              }}
                              ref={function useMotionRef.useCallback}
                            >
                          <motion.div className="absolute r..." style={{left:"76.1...", ...}} ...>
                            <div
                              className="absolute rounded-full"
                              style={{
+                               left: "76.17615418661609%"
-                               left: "88.6165%"
+                               bottom: 0
-                               bottom: "0px"
+                               width: 1.278796594880163
-                               width: "2.84017px"
+                               height: 1.278796594880163
-                               height: "2.84017px"
+                               background: "rgba(0,212,168,0.5)"
-                               background-image: "initial"
-                               background-position-x: "initial"
-                               background-position-y: "initial"
-                               background-size: "initial"
-                               background-repeat: "initial"
-                               background-attachment: "initial"
-                               background-origin: "initial"
-                               background-clip: "initial"
-                               background-color: "rgba(0, 212, 168, 0.5)"
                              }}
                              ref={function useMotionRef.useCallback}
                            >
                          <motion.div className="absolute r..." style={{left:"12.4...", ...}} ...>
                            <div
                              className="absolute rounded-full"
                              style={{
+                               left: "12.42019916238364%"
-                               left: "83.8038%"
+                               bottom: 0
-                               bottom: "0px"
+                               width: 2.825443846077591
-                               width: "1.32823px"
+                               height: 2.825443846077591
-                               height: "1.32823px"
+                               background: "rgba(0,87,255,0.6)"
-                               background-image: "initial"
-                               background-position-x: "initial"
-                               background-position-y: "initial"
-                               background-size: "initial"
-                               background-repeat: "initial"
-                               background-attachment: "initial"
-                               background-origin: "initial"
-                               background-clip: "initial"
-                               background-color: "rgba(0, 87, 255, 0.6)"
                              }}
                              ref={function useMotionRef.useCallback}
                            >
                          <motion.div className="absolute r..." style={{left:"88.8...", ...}} ...>
                            <div
                              className="absolute rounded-full"
                              style={{
+                               left: "88.82124035003984%"
-                               left: "28.409%"
+                               bottom: 0
-                               bottom: "0px"
+                               width: 1.5349070066851291
-                               width: "2.81205px"
+                               height: 1.5349070066851291
-                               height: "2.81205px"
+                               background: "rgba(255,110,199,0.5)"
-                               background-image: "initial"
-                               background-position-x: "initial"
-                               background-position-y: "initial"
-                               background-size: "initial"
-                               background-repeat: "initial"
-                               background-attachment: "initial"
-                               background-origin: "initial"
-                               background-clip: "initial"
-                               background-color: "rgba(255, 110, 199, 0.5)"
                              }}
                              ref={function useMotionRef.useCallback}
                            >
                          <motion.div className="absolute r..." style={{left:"15.7...", ...}} ...>
                            <div
                              className="absolute rounded-full"
                              style={{
+                               left: "15.735126559231706%"
-                               left: "96.6901%"
+                               bottom: 0
-                               bottom: "0px"
+                               width: 0.8443982602611768
-                               width: "1.72165px"
+                               height: 0.8443982602611768
-                               height: "1.72165px"
+                               background: "rgba(0,212,168,0.5)"
-                               background-image: "initial"
-                               background-position-x: "initial"
-                               background-position-y: "initial"
-                               background-size: "initial"
-                               background-repeat: "initial"
-                               background-attachment: "initial"
-                               background-origin: "initial"
-                               background-clip: "initial"
-                               background-color: "rgba(0, 212, 168, 0.5)"
                              }}
                              ref={function useMotionRef.useCallback}
                            >
                          <motion.div className="absolute r..." style={{left:"2.19...", ...}} ...>
                            <div
                              className="absolute rounded-full"
                              style={{
+                               left: "2.198633887722712%"
-                               left: "87.6484%"
+                               bottom: 0
-                               bottom: "0px"
+                               width: 1.9546577930555669
-                               width: "2.14953px"
+                               height: 1.9546577930555669
-                               height: "2.14953px"
+                               background: "rgba(0,87,255,0.6)"
-                               background-image: "initial"
-                               background-position-x: "initial"
-                               background-position-y: "initial"
-                               background-size: "initial"
-                               background-repeat: "initial"
-                               background-attachment: "initial"
-                               background-origin: "initial"
-                               background-clip: "initial"
-                               background-color: "rgba(0, 87, 255, 0.6)"
                              }}
                              ref={function useMotionRef.useCallback}
                            >
                          <motion.div className="absolute r..." style={{left:"59.3...", ...}} ...>
                            <div
                              className="absolute rounded-full"
                              style={{
+                               left: "59.317950104398%"
-                               left: "14.69%"
+                               bottom: 0
-                               bottom: "0px"
+                               width: 2.2329830679821896
-                               width: "1.97435px"
+                               height: 2.2329830679821896
-                               height: "1.97435px"
+                               background: "rgba(255,110,199,0.5)"
-                               background-image: "initial"
-                               background-position-x: "initial"
-                               background-position-y: "initial"
-                               background-size: "initial"
-                               background-repeat: "initial"
-                               background-attachment: "initial"
-                               background-origin: "initial"
-                               background-clip: "initial"
-                               background-color: "rgba(255, 110, 199, 0.5)"
                              }}
                              ref={function useMotionRef.useCallback}
                            >
                          <motion.div className="absolute r..." style={{left:"77.4...", ...}} ...>
                            <div
                              className="absolute rounded-full"
                              style={{
+                               left: "77.43621746394362%"
-                               left: "15.5711%"
+                               bottom: 0
-                               bottom: "0px"
+                               width: 3.2266868997128224
-                               width: "1.68028px"
+                               height: 3.2266868997128224
-                               height: "1.68028px"
+                               background: "rgba(0,212,168,0.5)"
-                               background-image: "initial"
-                               background-position-x: "initial"
-                               background-position-y: "initial"
-                               background-size: "initial"
-                               background-repeat: "initial"
-                               background-attachment: "initial"
-                               background-origin: "initial"
-                               background-clip: "initial"
-                               background-color: "rgba(0, 212, 168, 0.5)"
                              }}
                              ref={function useMotionRef.useCallback}
                            >
                      ...
                  ...
          ...
        ...
 @ http://localhost:3000/_next/static/chunks/09_q_next_dist_0x.0718._.js:3272
[    1111ms] [WARNING] Please ensure that the container has a non-static position, like 'relative', 'fixed', or 'absolute' to ensure scroll offset is calculated correctly. @ http://localhost:3000/_next/static/chunks/09_q_next_dist_0x.0718._.js:2431
[  102943ms] [LOG] [Fast Refresh] rebuilding @ http://localhost:3000/_next/static/chunks/09_q_next_dist_0x.0718._.js:2431
[  103495ms] [LOG] [Fast Refresh] done in 426ms @ http://localhost:3000/_next/static/chunks/09_q_next_dist_0x.0718._.js:2431
