[     230ms] [LOG] [Fast Refresh] rebuilding @ http://localhost:3000/_next/static/chunks/09_q_next_dist_0x.0718._.js:2431
[     230ms] [LOG] [Fast Refresh] done in 172ms @ http://localhost:3000/_next/static/chunks/09_q_next_dist_0x.0718._.js:2431
[    1021ms] [INFO] %cDownload the React DevTools for a better development experience: https://react.dev/link/react-devtools font-weight:bold @ http://localhost:3000/_next/static/chunks/09_q_next_dist_0x.0718._.js:2431
[    1374ms] [LOG] [HMR] connected @ http://localhost:3000/_next/static/chunks/09_q_next_dist_0x.0718._.js:2431
[    2218ms] [LOG] [Fast Refresh] rebuilding @ http://localhost:3000/_next/static/chunks/09_q_next_dist_0x.0718._.js:2431
[    2287ms] [LOG] [Fast Refresh] done in 176ms @ http://localhost:3000/_next/static/chunks/09_q_next_dist_0x.0718._.js:2431
[    2541ms] [WARNING] Please ensure that the container has a non-static position, like 'relative', 'fixed', or 'absolute' to ensure scroll offset is calculated correctly. @ http://localhost:3000/_next/static/chunks/09_q_next_dist_0x.0718._.js:2431
[  515723ms] [LOG] [Fast Refresh] rebuilding @ http://localhost:3000/_next/static/chunks/09_q_next_dist_0x.0718._.js:2431
[  517236ms] [LOG] [Fast Refresh] done in 1274ms @ http://localhost:3000/_next/static/chunks/09_q_next_dist_0x.0718._.js:2431
[  522884ms] [LOG] [Fast Refresh] rebuilding @ http://localhost:3000/_next/static/chunks/09_q_next_dist_0x.0718._.js:2431
[  523652ms] [LOG] [Fast Refresh] done in 563ms @ http://localhost:3000/_next/static/chunks/09_q_next_dist_0x.0718._.js:2431
[  953958ms] [LOG] [Fast Refresh] rebuilding @ http://localhost:3000/_next/static/chunks/09_q_next_dist_0x.0718._.js:2431
[  954728ms] [LOG] [Fast Refresh] done in 616ms @ http://localhost:3000/_next/static/chunks/09_q_next_dist_0x.0718._.js:2431
[  956422ms] [LOG] [Fast Refresh] rebuilding @ http://localhost:3000/_next/static/chunks/09_q_next_dist_0x.0718._.js:2431
[  957463ms] [LOG] [Fast Refresh] done in 697ms @ http://localhost:3000/_next/static/chunks/09_q_next_dist_0x.0718._.js:2431
[  968640ms] [LOG] [Fast Refresh] rebuilding @ http://localhost:3000/_next/static/chunks/09_q_next_dist_0x.0718._.js:2431
[  969481ms] [LOG] [Fast Refresh] done in 532ms @ http://localhost:3000/_next/static/chunks/09_q_next_dist_0x.0718._.js:2431
[  971191ms] [LOG] [Fast Refresh] rebuilding @ http://localhost:3000/_next/static/chunks/09_q_next_dist_0x.0718._.js:2431
[  971832ms] [LOG] [Fast Refresh] done in 619ms @ http://localhost:3000/_next/static/chunks/09_q_next_dist_0x.0718._.js:2431
[  985640ms] [LOG] [Fast Refresh] rebuilding @ http://localhost:3000/_next/static/chunks/09_q_next_dist_0x.0718._.js:2431
[  986575ms] [LOG] [Fast Refresh] done in 722ms @ http://localhost:3000/_next/static/chunks/09_q_next_dist_0x.0718._.js:2431
[  990983ms] [LOG] [Fast Refresh] rebuilding @ http://localhost:3000/_next/static/chunks/09_q_next_dist_0x.0718._.js:2431
[  991997ms] [LOG] [Fast Refresh] done in 688ms @ http://localhost:3000/_next/static/chunks/09_q_next_dist_0x.0718._.js:2431
[  994363ms] [LOG] [Fast Refresh] rebuilding @ http://localhost:3000/_next/static/chunks/09_q_next_dist_0x.0718._.js:2431
[  995057ms] [LOG] [Fast Refresh] done in 502ms @ http://localhost:3000/_next/static/chunks/09_q_next_dist_0x.0718._.js:2431
[  996984ms] [LOG] [Fast Refresh] rebuilding @ http://localhost:3000/_next/static/chunks/09_q_next_dist_0x.0718._.js:2431
[  997626ms] [LOG] [Fast Refresh] done in 505ms @ http://localhost:3000/_next/static/chunks/09_q_next_dist_0x.0718._.js:2431
[ 1006291ms] [LOG] [Fast Refresh] rebuilding @ http://localhost:3000/_next/static/chunks/09_q_next_dist_0x.0718._.js:2431
[ 1007526ms] [LOG] [Fast Refresh] done in 1223ms @ http://localhost:3000/_next/static/chunks/09_q_next_dist_0x.0718._.js:2431
[ 1009620ms] [LOG] [Fast Refresh] rebuilding @ http://localhost:3000/_next/static/chunks/09_q_next_dist_0x.0718._.js:2431
[ 1010732ms] [LOG] [Fast Refresh] done in 772ms @ http://localhost:3000/_next/static/chunks/09_q_next_dist_0x.0718._.js:2431
[ 1012141ms] [LOG] [Fast Refresh] rebuilding @ http://localhost:3000/_next/static/chunks/09_q_next_dist_0x.0718._.js:2431
[ 1013165ms] [LOG] [Fast Refresh] done in 774ms @ http://localhost:3000/_next/static/chunks/09_q_next_dist_0x.0718._.js:2431
[ 1061450ms] [LOG] [Fast Refresh] rebuilding @ http://localhost:3000/_next/static/chunks/09_q_next_dist_0x.0718._.js:2431
[ 1062058ms] [LOG] [Fast Refresh] done in 384ms @ http://localhost:3000/_next/static/chunks/09_q_next_dist_0x.0718._.js:2431
[ 1066305ms] [LOG] [Fast Refresh] rebuilding @ http://localhost:3000/_next/static/chunks/09_q_next_dist_0x.0718._.js:2431
[ 1066479ms] [LOG] [Fast Refresh] done in 249ms @ http://localhost:3000/_next/static/chunks/09_q_next_dist_0x.0718._.js:2431
[ 1104812ms] [LOG] [Fast Refresh] rebuilding @ http://localhost:3000/_next/static/chunks/09_q_next_dist_0x.0718._.js:2431
[ 1105940ms] [LOG] [Fast Refresh] done in 651ms @ http://localhost:3000/_next/static/chunks/09_q_next_dist_0x.0718._.js:2431
[ 1107149ms] [LOG] [Fast Refresh] rebuilding @ http://localhost:3000/_next/static/chunks/09_q_next_dist_0x.0718._.js:2431
[ 1108003ms] TypeError: Cannot read properties of undefined (reading 'x')
    at center (http://localhost:3000/_next/static/chunks/GitHub_rhettelliot_manteissystems_website_src_0svgqun._.js?id=%255Bproject%255D%252FGitHub%252Frhettelliot%252Fmanteissystems_website%252Fsrc%252Fapp%252Fpage.tsx+%255Bapp-client%255D+%2528ecmascript%2529:1286:19)
    at eval (http://localhost:3000/_next/static/chunks/GitHub_rhettelliot_manteissystems_website_src_0svgqun._.js?id=%255Bproject%255D%252FGitHub%252Frhettelliot%252Fmanteissystems_website%252Fsrc%252Fapp%252Fpage.tsx+%255Bapp-client%255D+%2528ecmascript%2529:1700:51)
    at Array.map (<anonymous>)
    at SovereignNodeDiagram (http://localhost:3000/_next/static/chunks/GitHub_rhettelliot_manteissystems_website_src_0svgqun._.js?id=%255Bproject%255D%252FGitHub%252Frhettelliot%252Fmanteissystems_website%252Fsrc%252Fapp%252Fpage.tsx+%255Bapp-client%255D+%2528ecmascript%2529:1698:43)
    at Object.react_stack_bottom_frame (http://localhost:3000/_next/static/chunks/09_q_next_dist_compiled_react-dom_0y3dtep._.js:15037:24)
    at renderWithHooks (http://localhost:3000/_next/static/chunks/09_q_next_dist_compiled_react-dom_0y3dtep._.js:4620:24)
    at updateFunctionComponent (http://localhost:3000/_next/static/chunks/09_q_next_dist_compiled_react-dom_0y3dtep._.js:6081:21)
    at beginWork (http://localhost:3000/_next/static/chunks/09_q_next_dist_compiled_react-dom_0y3dtep._.js:6691:24)
    at runWithFiberInDEV (http://localhost:3000/_next/static/chunks/09_q_next_dist_compiled_react-dom_0y3dtep._.js:965:74)
    at performUnitOfWork (http://localhost:3000/_next/static/chunks/09_q_next_dist_compiled_react-dom_0y3dtep._.js:9555:97)
    at workLoopSync (http://localhost:3000/_next/static/chunks/09_q_next_dist_compiled_react-dom_0y3dtep._.js:9449:40)
    at renderRootSync (http://localhost:3000/_next/static/chunks/09_q_next_dist_compiled_react-dom_0y3dtep._.js:9433:13)
    at performWorkOnRoot (http://localhost:3000/_next/static/chunks/09_q_next_dist_compiled_react-dom_0y3dtep._.js:9098:47)
    at performSyncWorkOnRoot (http://localhost:3000/_next/static/chunks/09_q_next_dist_compiled_react-dom_0y3dtep._.js:10263:9)
    at flushSyncWorkAcrossRoots_impl (http://localhost:3000/_next/static/chunks/09_q_next_dist_compiled_react-dom_0y3dtep._.js:10179:316)
    at flushSyncWork$1 (http://localhost:3000/_next/static/chunks/09_q_next_dist_compiled_react-dom_0y3dtep._.js:9230:86)
    at Object.scheduleRefresh (http://localhost:3000/_next/static/chunks/09_q_next_dist_compiled_react-dom_0y3dtep._.js:299:13)
    at http://localhost:3000/_next/static/chunks/09_q_next_dist_compiled_0qledmu._.js:391:33
    at Set.forEach (<anonymous>)
    at Object.performReactRefresh (http://localhost:3000/_next/static/chunks/09_q_next_dist_compiled_0qledmu._.js:384:38)
    at applyUpdate (http://localhost:3000/_next/static/chunks/09_q_next_dist_compiled_0qledmu._.js:878:31)
    at http://localhost:3000/_next/static/chunks/09_q_next_dist_compiled_0qledmu._.js:886:13
[ 1107941ms] [LOG] [Fast Refresh] done in 479ms @ http://localhost:3000/_next/static/chunks/09_q_next_dist_0x.0718._.js:2431
[ 1108510ms] [LOG] [Fast Refresh] rebuilding @ http://localhost:3000/_next/static/chunks/09_q_next_dist_0x.0718._.js:2431
[ 1108948ms] [WARNING] [Fast Refresh] performing full reload because your application had an unrecoverable error @ http://localhost:3000/_next/static/chunks/09_q_next_dist_0x.0718._.js:2431
[ 1109404ms] TypeError: Cannot read properties of undefined (reading 'x')
    at center (http://localhost:3000/_next/static/chunks/GitHub_rhettelliot_manteissystems_website_src_0svgqun._.js?id=%255Bproject%255D%252FGitHub%252Frhettelliot%252Fmanteissystems_website%252Fsrc%252Fapp%252Fpage.tsx+%255Bapp-client%255D+%2528ecmascript%2529:1286:19)
    at eval (http://localhost:3000/_next/static/chunks/GitHub_rhettelliot_manteissystems_website_src_0svgqun._.js?id=%255Bproject%255D%252FGitHub%252Frhettelliot%252Fmanteissystems_website%252Fsrc%252Fapp%252Fpage.tsx+%255Bapp-client%255D+%2528ecmascript%2529:1700:51)
    at Array.map (<anonymous>)
    at SovereignNodeDiagram (http://localhost:3000/_next/static/chunks/GitHub_rhettelliot_manteissystems_website_src_0svgqun._.js?id=%255Bproject%255D%252FGitHub%252Frhettelliot%252Fmanteissystems_website%252Fsrc%252Fapp%252Fpage.tsx+%255Bapp-client%255D+%2528ecmascript%2529:1698:43)
    at Object.react_stack_bottom_frame (http://localhost:3000/_next/static/chunks/09_q_next_dist_compiled_react-dom_0y3dtep._.js:15037:24)
    at renderWithHooks (http://localhost:3000/_next/static/chunks/09_q_next_dist_compiled_react-dom_0y3dtep._.js:4620:24)
    at updateFunctionComponent (http://localhost:3000/_next/static/chunks/09_q_next_dist_compiled_react-dom_0y3dtep._.js:6081:21)
    at beginWork (http://localhost:3000/_next/static/chunks/09_q_next_dist_compiled_react-dom_0y3dtep._.js:6691:24)
    at runWithFiberInDEV (http://localhost:3000/_next/static/chunks/09_q_next_dist_compiled_react-dom_0y3dtep._.js:965:74)
    at performUnitOfWork (http://localhost:3000/_next/static/chunks/09_q_next_dist_compiled_react-dom_0y3dtep._.js:9555:97)
    at workLoopSync (http://localhost:3000/_next/static/chunks/09_q_next_dist_compiled_react-dom_0y3dtep._.js:9449:40)
    at renderRootSync (http://localhost:3000/_next/static/chunks/09_q_next_dist_compiled_react-dom_0y3dtep._.js:9433:13)
    at performWorkOnRoot (http://localhost:3000/_next/static/chunks/09_q_next_dist_compiled_react-dom_0y3dtep._.js:9098:47)
    at performSyncWorkOnRoot (http://localhost:3000/_next/static/chunks/09_q_next_dist_compiled_react-dom_0y3dtep._.js:10263:9)
    at flushSyncWorkAcrossRoots_impl (http://localhost:3000/_next/static/chunks/09_q_next_dist_compiled_react-dom_0y3dtep._.js:10179:316)
    at flushSyncWork$1 (http://localhost:3000/_next/static/chunks/09_q_next_dist_compiled_react-dom_0y3dtep._.js:9230:86)
    at Object.scheduleRefresh (http://localhost:3000/_next/static/chunks/09_q_next_dist_compiled_react-dom_0y3dtep._.js:299:13)
    at http://localhost:3000/_next/static/chunks/09_q_next_dist_compiled_0qledmu._.js:391:33
    at Set.forEach (<anonymous>)
    at Object.performReactRefresh (http://localhost:3000/_next/static/chunks/09_q_next_dist_compiled_0qledmu._.js:384:38)
    at applyUpdate (http://localhost:3000/_next/static/chunks/09_q_next_dist_compiled_0qledmu._.js:878:31)
    at http://localhost:3000/_next/static/chunks/09_q_next_dist_compiled_0qledmu._.js:886:13
[ 1109418ms] [LOG] [Fast Refresh] done in 521ms @ http://localhost:3000/_next/static/chunks/09_q_next_dist_0x.0718._.js:2431
[ 1109905ms] [LOG] [Fast Refresh] rebuilding @ http://localhost:3000/_next/static/chunks/09_q_next_dist_0x.0718._.js:2431
[ 1109929ms] [ERROR] Failed to load resource: the server responded with a status of 500 (Internal Server Error) @ http://localhost:3000/:0
[ 1110705ms] [INFO] %cDownload the React DevTools for a better development experience: https://react.dev/link/react-devtools font-weight:bold @ http://localhost:3000/_next/static/chunks/09_q_next_dist_0x.0718._.js:2431
[ 1111065ms] [LOG] [HMR] connected @ http://localhost:3000/_next/static/chunks/09_q_next_dist_0x.0718._.js:2431
[ 1112153ms] TypeError: Cannot read properties of undefined (reading 'x')
    at center (http://localhost:3000/_next/static/chunks/GitHub_rhettelliot_manteissystems_website_src_0svgqun._.js:1938:19)
    at http://localhost:3000/_next/static/chunks/GitHub_rhettelliot_manteissystems_website_src_0svgqun._.js:2352:51
    at Array.map (<anonymous>)
    at SovereignNodeDiagram (http://localhost:3000/_next/static/chunks/GitHub_rhettelliot_manteissystems_website_src_0svgqun._.js:2350:43)
    at Object.react_stack_bottom_frame (http://localhost:3000/_next/static/chunks/09_q_next_dist_compiled_react-dom_0y3dtep._.js:15037:24)
    at renderWithHooks (http://localhost:3000/_next/static/chunks/09_q_next_dist_compiled_react-dom_0y3dtep._.js:4620:24)
    at updateFunctionComponent (http://localhost:3000/_next/static/chunks/09_q_next_dist_compiled_react-dom_0y3dtep._.js:6081:21)
    at beginWork (http://localhost:3000/_next/static/chunks/09_q_next_dist_compiled_react-dom_0y3dtep._.js:6691:24)
    at runWithFiberInDEV (http://localhost:3000/_next/static/chunks/09_q_next_dist_compiled_react-dom_0y3dtep._.js:965:74)
    at performUnitOfWork (http://localhost:3000/_next/static/chunks/09_q_next_dist_compiled_react-dom_0y3dtep._.js:9555:97)
    at workLoopSync (http://localhost:3000/_next/static/chunks/09_q_next_dist_compiled_react-dom_0y3dtep._.js:9449:40)
    at renderRootSync (http://localhost:3000/_next/static/chunks/09_q_next_dist_compiled_react-dom_0y3dtep._.js:9433:13)
    at performWorkOnRoot (http://localhost:3000/_next/static/chunks/09_q_next_dist_compiled_react-dom_0y3dtep._.js:9098:47)
    at performWorkOnRootViaSchedulerTask (http://localhost:3000/_next/static/chunks/09_q_next_dist_compiled_react-dom_0y3dtep._.js:10255:9)
    at MessagePort.performWorkUntilDeadline (http://localhost:3000/_next/static/chunks/09_q_next_dist_compiled_0qledmu._.js:2647:64)
[ 1112163ms] [LOG] [Fast Refresh] rebuilding @ http://localhost:3000/_next/static/chunks/09_q_next_dist_0x.0718._.js:2431
[ 1112584ms] [WARNING] [Fast Refresh] performing full reload because your application had an unrecoverable error @ http://localhost:3000/_next/static/chunks/09_q_next_dist_0x.0718._.js:2431
[ 1112685ms] [LOG] [Fast Refresh] done in 503ms @ http://localhost:3000/_next/static/chunks/09_q_next_dist_0x.0718._.js:2431
[ 1112796ms] [LOG] [Fast Refresh] rebuilding @ http://localhost:3000/_next/static/chunks/09_q_next_dist_0x.0718._.js:2431
[ 1112800ms] [LOG] [Fast Refresh] done in 105ms @ http://localhost:3000/_next/static/chunks/09_q_next_dist_0x.0718._.js:2431
[ 1113400ms] [INFO] %cDownload the React DevTools for a better development experience: https://react.dev/link/react-devtools font-weight:bold @ http://localhost:3000/_next/static/chunks/09_q_next_dist_0x.0718._.js:2431
[ 1113946ms] [LOG] [HMR] connected @ http://localhost:3000/_next/static/chunks/09_q_next_dist_0x.0718._.js:2431
[ 1115140ms] [WARNING] Please ensure that the container has a non-static position, like 'relative', 'fixed', or 'absolute' to ensure scroll offset is calculated correctly. @ http://localhost:3000/_next/static/chunks/09_q_next_dist_0x.0718._.js:2431
